<?xml version='1.0' encoding='UTF-8'?>
<testsuite hostname="tsatow-5.local" name="tsatow.FibTailRecSpec" tests="2" errors="0" failures="0" skipped="0" time="0.022" timestamp="2018-12-07T18:22:19">
                     <properties>
[...]
</properties>
                     <testcase classname="tsatow.FibTailRecSpec" name="fib should calculate fibonacci number" time="0.022">
                                                 
                                               </testcase><testcase classname="tsatow.FibTailRecSpec" name="memoizedFib should calculate fibonacci number" time="0.0">
                                                 
                                               </testcase>
                     <system-out><![CDATA[]]></system-out>
                     <system-err><![CDATA[]]></system-err>
                   </testsuite>